<?xml version="1.0" encoding="UTF-8"?>
<!-- Generated by org.testng.reporters.JUnitReportReporter -->
<testsuite hostname="BLR2-5CG1327HQ2" failures="0" tests="5" name="happyFox_TestClass.Test_1_3" time="95.178" errors="0" timestamp="2023-04-20T20:44:20 IST" skipped="0">
  <testcase classname="happyFox_TestClass.Test_1_3" name="LogInTest" time="13.170"/>
  <system-out/>
  <testcase classname="happyFox_TestClass.Test_1_3" name="statusCreation" time="38.304"/>
  <system-out/>
  <testcase classname="happyFox_TestClass.Test_1_3" name="priorityCreation" time="5.455"/>
  <system-out/>
  <testcase classname="happyFox_TestClass.Test_1_3" name="priorityDelete" time="13.548"/>
  <system-out/>
  <testcase classname="happyFox_TestClass.Test_1_3" name="statusDelete" time="24.701"/>
  <system-out/>
</testsuite> <!-- happyFox_TestClass.Test_1_3 -->
