<?xml version="1.0" encoding="UTF-8"?>
<!-- Generated by org.testng.reporters.JUnitReportReporter -->
<testsuite hostname="BLR2-5CG1327HQ2" failures="0" tests="5" name="happyFox_TestClass.Test_1_3" time="85.844" errors="0" timestamp="2023-04-20T17:44:24 IST" skipped="0">
  <testcase classname="happyFox_TestClass.Test_1_3" name="LogInTest" time="7.129"/>
  <system-out/>
  <testcase classname="happyFox_TestClass.Test_1_3" name="statusCreation" time="36.611"/>
  <system-out/>
  <testcase classname="happyFox_TestClass.Test_1_3" name="priorityCreation" time="4.975"/>
  <system-out/>
  <testcase classname="happyFox_TestClass.Test_1_3" name="priorityDelete" time="12.434"/>
  <system-out/>
  <testcase classname="happyFox_TestClass.Test_1_3" name="statusDelete" time="24.695"/>
  <system-out/>
</testsuite> <!-- happyFox_TestClass.Test_1_3 -->
